# JRE version: Java(TM) SE Runtime Environment (21.0.2+13) (build 21.0.2+13-LTS-58)
# Java VM: Java HotSpot(TM) 64-Bit Server VM (21.0.2+13-LTS-58, mixed mode, sharing, tiered, compressed oops, compressed class ptrs, g1 gc, windows-amd64)
GC Precious Log:
 CardTable entry size: 512
 Card Set container configuration: InlinePtr #cards 5 size 8 Array Of Cards #cards 12 size 40 Howl #buckets 4 coarsen threshold 1843 Howl Bitmap #cards 512 size 80 coarsen threshold 460 Card regions per heap region 1 cards per card region 2048
 CPUs: 4 total, 4 available
 Memory: 3978M
 Large Page Support: Disabled
 NUMA Support: Disabled
 Compressed Oops: Enabled (32-bit)
 Heap Region Size: 1M
 Heap Min Capacity: 8M
 Heap Initial Capacity: 64M
 Heap Max Capacity: 996M
 Pre-touch: Disabled
 Parallel Workers: 4
 Concurrent Workers: 1
 Concurrent Refinement Workers: 4
 Periodic GC: Disabled
Heap:
 garbage-first heap   total 65536K, used 55796K [0x00000000c1c00000, 0x0000000100000000)
  region size 1024K, 21 young (21504K), 3 survivors (3072K)
 Metaspace       used 75453K, committed 76288K, reserved 1179648K
  class space    used 10194K, committed 10560K, reserved 1048576K
GC Heap History (20 events):
Event: 36.347 GC heap before
{Heap before GC invocations=14 (full 0):
 garbage-first heap   total 58368K, used 50112K [0x00000000c1c00000, 0x0000000100000000)
  region size 1024K, 26 young (26624K), 3 survivors (3072K)
 Metaspace       used 57927K, committed 58560K, reserved 1114112K
  class space    used 7740K, committed 8000K, reserved 1048576K
}
Event: 36.355 GC heap after
{Heap after GC invocations=15 (full 0):
 garbage-first heap   total 58368K, used 28700K [0x00000000c1c00000, 0x0000000100000000)
  region size 1024K, 3 young (3072K), 3 survivors (3072K)
 Metaspace       used 57927K, committed 58560K, reserved 1114112K
  class space    used 7740K, committed 8000K, reserved 1048576K
}
Event: 37.208 GC heap before
{Heap before GC invocations=15 (full 0):
 garbage-first heap   total 58368K, used 35868K [0x00000000c1c00000, 0x0000000100000000)
  region size 1024K, 11 young (11264K), 3 survivors (3072K)
 Metaspace       used 59516K, committed 60096K, reserved 1114112K
  class space    used 8011K, committed 8256K, reserved 1048576K
}
Event: 37.215 GC heap after
{Heap after GC invocations=16 (full 0):
 garbage-first heap   total 58368K, used 28927K [0x00000000c1c00000, 0x0000000100000000)
  region size 1024K, 2 young (2048K), 2 survivors (2048K)
 Metaspace       used 59516K, committed 60096K, reserved 1114112K
  class space    used 8011K, committed 8256K, reserved 1048576K
}
Event: 42.102 GC heap before
{Heap before GC invocations=17 (full 0):
 garbage-first heap   total 58368K, used 51455K [0x00000000c1c00000, 0x0000000100000000)
  region size 1024K, 24 young (24576K), 2 survivors (2048K)
 Metaspace       used 63342K, committed 64000K, reserved 1114112K
  class space    used 8579K, committed 8896K, reserved 1048576K
}
Event: 42.111 GC heap after
{Heap after GC invocations=18 (full 0):
 garbage-first heap   total 58368K, used 30720K [0x00000000c1c00000, 0x0000000100000000)
  region size 1024K, 3 young (3072K), 3 survivors (3072K)
 Metaspace       used 63342K, committed 64000K, reserved 1114112K
  class space    used 8579K, committed 8896K, reserved 1048576K
}
Event: 44.481 GC heap before
{Heap before GC invocations=18 (full 0):
 garbage-first heap   total 58368K, used 50176K [0x00000000c1c00000, 0x0000000100000000)
  region size 1024K, 23 young (23552K), 3 survivors (3072K)
 Metaspace       used 65637K, committed 66304K, reserved 1114112K
  class space    used 8878K, committed 9152K, reserved 1048576K
}
Event: 44.493 GC heap after
{Heap after GC invocations=19 (full 0):
 garbage-first heap   total 58368K, used 32163K [0x00000000c1c00000, 0x0000000100000000)
  region size 1024K, 2 young (2048K), 2 survivors (2048K)
 Metaspace       used 65637K, committed 66304K, reserved 1114112K
  class space    used 8878K, committed 9152K, reserved 1048576K
}
Event: 46.174 GC heap before
{Heap before GC invocations=19 (full 0):
 garbage-first heap   total 58368K, used 51619K [0x00000000c1c00000, 0x0000000100000000)
  region size 1024K, 21 young (21504K), 2 survivors (2048K)
 Metaspace       used 67046K, committed 67712K, reserved 1114112K
  class space    used 9071K, committed 9344K, reserved 1048576K
}
Event: 46.181 GC heap after
{Heap after GC invocations=20 (full 0):
 garbage-first heap   total 58368K, used 33437K [0x00000000c1c00000, 0x0000000100000000)
  region size 1024K, 3 young (3072K), 3 survivors (3072K)
 Metaspace       used 67046K, committed 67712K, reserved 1114112K
  class space    used 9071K, committed 9344K, reserved 1048576K
}
Event: 47.664 GC heap before
{Heap before GC invocations=21 (full 0):
 garbage-first heap   total 58368K, used 50845K [0x00000000c1c00000, 0x0000000100000000)
  region size 1024K, 20 young (20480K), 3 survivors (3072K)
 Metaspace       used 68013K, committed 68672K, reserved 1114112K
  class space    used 9212K, committed 9536K, reserved 1048576K
}
Event: 47.673 GC heap after
{Heap after GC invocations=22 (full 0):
 garbage-first heap   total 58368K, used 35075K [0x00000000c1c00000, 0x0000000100000000)
  region size 1024K, 3 young (3072K), 3 survivors (3072K)
 Metaspace       used 68013K, committed 68672K, reserved 1114112K
  class space    used 9212K, committed 9536K, reserved 1048576K
}
Event: 48.963 GC heap before
{Heap before GC invocations=22 (full 0):
 garbage-first heap   total 58368K, used 50435K [0x00000000c1c00000, 0x0000000100000000)
  region size 1024K, 18 young (18432K), 3 survivors (3072K)
 Metaspace       used 69346K, committed 70016K, reserved 1114112K
  class space    used 9369K, committed 9664K, reserved 1048576K
}
Event: 48.972 GC heap after
{Heap after GC invocations=23 (full 0):
 garbage-first heap   total 58368K, used 35916K [0x00000000c1c00000, 0x0000000100000000)
  region size 1024K, 3 young (3072K), 3 survivors (3072K)
 Metaspace       used 69346K, committed 70016K, reserved 1114112K
  class space    used 9369K, committed 9664K, reserved 1048576K
}
Event: 50.128 GC heap before
{Heap before GC invocations=23 (full 0):
 garbage-first heap   total 58368K, used 50252K [0x00000000c1c00000, 0x0000000100000000)
  region size 1024K, 17 young (17408K), 3 survivors (3072K)
 Metaspace       used 69917K, committed 70720K, reserved 1114112K
  class space    used 9464K, committed 9792K, reserved 1048576K
}
Event: 50.136 GC heap after
{Heap after GC invocations=24 (full 0):
 garbage-first heap   total 58368K, used 36883K [0x00000000c1c00000, 0x0000000100000000)
  region size 1024K, 3 young (3072K), 3 survivors (3072K)
 Metaspace       used 69917K, committed 70720K, reserved 1114112K
  class space    used 9464K, committed 9792K, reserved 1048576K
}
Event: 52.144 GC heap before
{Heap before GC invocations=25 (full 0):
 garbage-first heap   total 65536K, used 50195K [0x00000000c1c00000, 0x0000000100000000)
  region size 1024K, 16 young (16384K), 3 survivors (3072K)
 Metaspace       used 70517K, committed 71296K, reserved 1114112K
  class space    used 9560K, committed 9920K, reserved 1048576K
}
Event: 52.160 GC heap after
{Heap after GC invocations=26 (full 0):
 garbage-first heap   total 65536K, used 38187K [0x00000000c1c00000, 0x0000000100000000)
  region size 1024K, 2 young (2048K), 2 survivors (2048K)
 Metaspace       used 70517K, committed 71296K, reserved 1114112K
  class space    used 9560K, committed 9920K, reserved 1048576K
}
Event: 56.052 GC heap before
{Heap before GC invocations=26 (full 0):
 garbage-first heap   total 65536K, used 58667K [0x00000000c1c00000, 0x0000000100000000)
  region size 1024K, 22 young (22528K), 2 survivors (2048K)
 Metaspace       used 73130K, committed 74048K, reserved 1114112K
  class space    used 9905K, committed 10304K, reserved 1048576K
}
Event: 56.064 GC heap after
{Heap after GC invocations=27 (full 0):
 garbage-first heap   total 65536K, used 39412K [0x00000000c1c00000, 0x0000000100000000)
  region size 1024K, 3 young (3072K), 3 survivors (3072K)
 Metaspace       used 73130K, committed 74048K, reserved 1114112K
  class space    used 9905K, committed 10304K, reserved 1048576K
}

