# JRE version: Java(TM) SE Runtime Environment (21.0.2+13) (build 21.0.2+13-LTS-58)
# Java VM: Java HotSpot(TM) 64-Bit Server VM (21.0.2+13-LTS-58, mixed mode, sharing, tiered, compressed oops, compressed class ptrs, g1 gc, windows-amd64)
GC Precious Log:
 CardTable entry size: 512
 Card Set container configuration: InlinePtr #cards 5 size 8 Array Of Cards #cards 12 size 40 Howl #buckets 4 coarsen threshold 1843 Howl Bitmap #cards 512 size 80 coarsen threshold 460 Card regions per heap region 1 cards per card region 2048
 CPUs: 4 total, 4 available
 Memory: 3978M
 Large Page Support: Disabled
 NUMA Support: Disabled
 Compressed Oops: Enabled (32-bit)
 Heap Region Size: 1M
 Heap Min Capacity: 8M
 Heap Initial Capacity: 64M
 Heap Max Capacity: 996M
 Pre-touch: Disabled
 Parallel Workers: 4
 Concurrent Workers: 1
 Concurrent Refinement Workers: 4
 Periodic GC: Disabled
Heap:
 garbage-first heap   total 58368K, used 31386K [0x00000000c1c00000, 0x0000000100000000)
  region size 1024K, 15 young (15360K), 3 survivors (3072K)
 Metaspace       used 30174K, committed 30592K, reserved 1114112K
  class space    used 3846K, committed 4032K, reserved 1048576K
GC Heap History (14 events):
Event: 2.394 GC heap before
{Heap before GC invocations=0 (full 0):
 garbage-first heap   total 65536K, used 15360K [0x00000000c1c00000, 0x0000000100000000)
  region size 1024K, 13 young (13312K), 0 survivors (0K)
 Metaspace       used 3165K, committed 3328K, reserved 1114112K
  class space    used 320K, committed 384K, reserved 1048576K
}
Event: 2.436 GC heap after
{Heap after GC invocations=1 (full 0):
 garbage-first heap   total 65536K, used 7552K [0x00000000c1c00000, 0x0000000100000000)
  region size 1024K, 2 young (2048K), 2 survivors (2048K)
 Metaspace       used 3165K, committed 3328K, reserved 1114112K
  class space    used 320K, committed 384K, reserved 1048576K
}
Event: 3.677 GC heap before
{Heap before GC invocations=1 (full 0):
 garbage-first heap   total 65536K, used 18816K [0x00000000c1c00000, 0x0000000100000000)
  region size 1024K, 13 young (13312K), 2 survivors (2048K)
 Metaspace       used 6786K, committed 6976K, reserved 1114112K
  class space    used 801K, committed 896K, reserved 1048576K
}
Event: 3.684 GC heap after
{Heap after GC invocations=2 (full 0):
 garbage-first heap   total 65536K, used 8769K [0x00000000c1c00000, 0x0000000100000000)
  region size 1024K, 1 young (1024K), 1 survivors (1024K)
 Metaspace       used 6786K, committed 6976K, reserved 1114112K
  class space    used 801K, committed 896K, reserved 1048576K
}
Event: 5.335 GC heap before
{Heap before GC invocations=2 (full 0):
 garbage-first heap   total 65536K, used 34369K [0x00000000c1c00000, 0x0000000100000000)
  region size 1024K, 26 young (26624K), 1 survivors (1024K)
 Metaspace       used 13306K, committed 13568K, reserved 1114112K
  class space    used 1781K, committed 1920K, reserved 1048576K
}
Event: 5.341 GC heap after
{Heap after GC invocations=3 (full 0):
 garbage-first heap   total 65536K, used 10732K [0x00000000c1c00000, 0x0000000100000000)
  region size 1024K, 3 young (3072K), 3 survivors (3072K)
 Metaspace       used 13306K, committed 13568K, reserved 1114112K
  class space    used 1781K, committed 1920K, reserved 1048576K
}
Event: 6.948 GC heap before
{Heap before GC invocations=3 (full 0):
 garbage-first heap   total 65536K, used 45548K [0x00000000c1c00000, 0x0000000100000000)
  region size 1024K, 38 young (38912K), 3 survivors (3072K)
 Metaspace       used 20911K, committed 21248K, reserved 1114112K
  class space    used 2618K, committed 2752K, reserved 1048576K
}
Event: 6.964 GC heap after
{Heap after GC invocations=4 (full 0):
 garbage-first heap   total 65536K, used 14571K [0x00000000c1c00000, 0x0000000100000000)
  region size 1024K, 5 young (5120K), 5 survivors (5120K)
 Metaspace       used 20911K, committed 21248K, reserved 1114112K
  class space    used 2618K, committed 2752K, reserved 1048576K
}
Event: 7.116 GC heap before
{Heap before GC invocations=4 (full 0):
 garbage-first heap   total 65536K, used 16619K [0x00000000c1c00000, 0x0000000100000000)
  region size 1024K, 8 young (8192K), 5 survivors (5120K)
 Metaspace       used 21185K, committed 21504K, reserved 1114112K
  class space    used 2657K, committed 2816K, reserved 1048576K
}
Event: 7.125 GC heap after
{Heap after GC invocations=5 (full 0):
 garbage-first heap   total 65536K, used 15528K [0x00000000c1c00000, 0x0000000100000000)
  region size 1024K, 1 young (1024K), 1 survivors (1024K)
 Metaspace       used 21185K, committed 21504K, reserved 1114112K
  class space    used 2657K, committed 2816K, reserved 1048576K
}
Event: 10.061 GC heap before
{Heap before GC invocations=6 (full 0):
 garbage-first heap   total 58368K, used 47272K [0x00000000c1c00000, 0x0000000100000000)
  region size 1024K, 32 young (32768K), 1 survivors (1024K)
 Metaspace       used 24377K, committed 24704K, reserved 1114112K
  class space    used 3044K, committed 3200K, reserved 1048576K
}
Event: 10.069 GC heap after
{Heap after GC invocations=7 (full 0):
 garbage-first heap   total 58368K, used 18329K [0x00000000c1c00000, 0x0000000100000000)
  region size 1024K, 4 young (4096K), 4 survivors (4096K)
 Metaspace       used 24377K, committed 24704K, reserved 1114112K
  class space    used 3044K, committed 3200K, reserved 1048576K
}
Event: 14.501 GC heap before
{Heap before GC invocations=7 (full 0):
 garbage-first heap   total 58368K, used 43929K [0x00000000c1c00000, 0x0000000100000000)
  region size 1024K, 29 young (29696K), 4 survivors (4096K)
 Metaspace       used 28022K, committed 28416K, reserved 1114112K
  class space    used 3570K, committed 3776K, reserved 1048576K
}
Event: 14.521 GC heap after
{Heap after GC invocations=8 (full 0):
 garbage-first heap   total 58368K, used 20122K [0x00000000c1c00000, 0x0000000100000000)
  region size 1024K, 3 young (3072K), 3 survivors (3072K)
 Metaspace       used 28022K, committed 28416K, reserved 1114112K
  class space    used 3570K, committed 3776K, reserved 1048576K
}

